<?xml version="1.0" encoding="UTF-8"?>
<!-- Generated by org.testng.reporters.JUnitXMLReporter -->
<testsuite hostname="LAPTOP-SMC8HIAI" ignored="0" name="Test" tests="3" failures="1" timestamp="2022-02-28T09:09:12 IST" time="89.912" errors="0">
  <testcase name="testActiTimeValidlogin" time="2.971" classname="testPackage.TestActiTimeValidLogin">
    <failure type="java.lang.AssertionError" message="expected [suraj] but found [actiTIME - Enter Time-Track]">
      <![CDATA[java.lang.AssertionError: expected [suraj] but found [actiTIME - Enter Time-Track]
at testPackage.TestActiTimeValidLogin.testActiTimeValidlogin(TestActiTimeValidLogin.java:32)
at java.util.ArrayList.forEach(ArrayList.java:1257)
... Removed 33 stack frames]]>
    </failure>
  </testcase> <!-- testActiTimeValidlogin -->
  <testcase name="testActiTimeLogout" time="1.165" classname="testPackage.TestActiTimeLogout"/>
  <testcase name="testActiTimeInValidlogin" time="59.492" classname="testPackage.TestActiTimeInvalidLogin"/>
</testsuite> <!-- Test -->
